Linear, in_dim 32 out_dim 16
Linear, in_dim 16 out_dim 64
Linear, in_dim 32 out_dim 64
Linear, in_dim 64 out_dim 16
Linear, in_dim 16 out_dim 64
Linear, in_dim 64 out_dim 32
Linear, in_dim 32 out_dim 128
Linear, in_dim 64 out_dim 128
Linear, in_dim 128 out_dim 32
Linear, in_dim 32 out_dim 128
Linear, in_dim 128 out_dim 32
Linear, in_dim 32 out_dim 128
Linear, in_dim 128 out_dim 64
Linear, in_dim 64 out_dim 256
Linear, in_dim 128 out_dim 256
Linear, in_dim 256 out_dim 64
Linear, in_dim 64 out_dim 256
Linear, in_dim 256 out_dim 64
Linear, in_dim 64 out_dim 256
Linear, in_dim 256 out_dim 128
Linear, in_dim 128 out_dim 512
Linear, in_dim 256 out_dim 512
Linear, in_dim 512 out_dim 128
Linear, in_dim 128 out_dim 512
Linear, in_dim 512 out_dim 128
Linear, in_dim 128 out_dim 512
Linear, in_dim 512 out_dim 256
Linear, in_dim 256 out_dim 1024
Linear, in_dim 512 out_dim 1024
Linear, in_dim 1024 out_dim 256
Linear, in_dim 256 out_dim 1024
Linear, in_dim 1024 out_dim 1024
Linear, in_dim 1024 out_dim 40
 [ 0 ]  block_ops.0.KPConv.weights  ######  [15,1,32,]
 [ 1 ]  block_ops.0.KPConv.kernel_points  ######  [15,3,]
 [ 2 ]  block_ops.0.batch_norm.batch_norm.weight  ######  [32,]
 [ 3 ]  block_ops.0.batch_norm.batch_norm.bias  ######  [32,]
 [ 4 ]  block_ops.1.unary1.mlp.weight  ######  [16,32,]
 [ 5 ]  block_ops.1.unary1.batch_norm.batch_norm.weight  ######  [16,]
 [ 6 ]  block_ops.1.unary1.batch_norm.batch_norm.bias  ######  [16,]
 [ 7 ]  block_ops.1.KPConv.weights  ######  [15,16,16,]
 [ 8 ]  block_ops.1.KPConv.kernel_points  ######  [15,3,]
 [ 9 ]  block_ops.1.batch_norm_conv.batch_norm.weight  ######  [16,]
 [ 10 ]  block_ops.1.batch_norm_conv.batch_norm.bias  ######  [16,]
 [ 11 ]  block_ops.1.unary2.mlp.weight  ######  [64,16,]
 [ 12 ]  block_ops.1.unary2.batch_norm.batch_norm.weight  ######  [64,]
 [ 13 ]  block_ops.1.unary2.batch_norm.batch_norm.bias  ######  [64,]
 [ 14 ]  block_ops.1.unary_shortcut.mlp.weight  ######  [64,32,]
 [ 15 ]  block_ops.1.unary_shortcut.batch_norm.batch_norm.weight  ######  [64,]
 [ 16 ]  block_ops.1.unary_shortcut.batch_norm.batch_norm.bias  ######  [64,]
 [ 17 ]  block_ops.2.unary1.mlp.weight  ######  [16,64,]
 [ 18 ]  block_ops.2.unary1.batch_norm.batch_norm.weight  ######  [16,]
 [ 19 ]  block_ops.2.unary1.batch_norm.batch_norm.bias  ######  [16,]
 [ 20 ]  block_ops.2.KPConv.weights  ######  [15,16,16,]
 [ 21 ]  block_ops.2.KPConv.kernel_points  ######  [15,3,]
 [ 22 ]  block_ops.2.batch_norm_conv.batch_norm.weight  ######  [16,]
 [ 23 ]  block_ops.2.batch_norm_conv.batch_norm.bias  ######  [16,]
 [ 24 ]  block_ops.2.unary2.mlp.weight  ######  [64,16,]
 [ 25 ]  block_ops.2.unary2.batch_norm.batch_norm.weight  ######  [64,]
 [ 26 ]  block_ops.2.unary2.batch_norm.batch_norm.bias  ######  [64,]
 [ 27 ]  block_ops.3.unary1.mlp.weight  ######  [32,64,]
 [ 28 ]  block_ops.3.unary1.batch_norm.batch_norm.weight  ######  [32,]
 [ 29 ]  block_ops.3.unary1.batch_norm.batch_norm.bias  ######  [32,]
 [ 30 ]  block_ops.3.KPConv.weights  ######  [15,32,32,]
 [ 31 ]  block_ops.3.KPConv.kernel_points  ######  [15,3,]
 [ 32 ]  block_ops.3.batch_norm_conv.batch_norm.weight  ######  [32,]
 [ 33 ]  block_ops.3.batch_norm_conv.batch_norm.bias  ######  [32,]
 [ 34 ]  block_ops.3.unary2.mlp.weight  ######  [128,32,]
 [ 35 ]  block_ops.3.unary2.batch_norm.batch_norm.weight  ######  [128,]
 [ 36 ]  block_ops.3.unary2.batch_norm.batch_norm.bias  ######  [128,]
 [ 37 ]  block_ops.3.unary_shortcut.mlp.weight  ######  [128,64,]
 [ 38 ]  block_ops.3.unary_shortcut.batch_norm.batch_norm.weight  ######  [128,]
 [ 39 ]  block_ops.3.unary_shortcut.batch_norm.batch_norm.bias  ######  [128,]
 [ 40 ]  block_ops.4.unary1.mlp.weight  ######  [32,128,]
 [ 41 ]  block_ops.4.unary1.batch_norm.batch_norm.weight  ######  [32,]
 [ 42 ]  block_ops.4.unary1.batch_norm.batch_norm.bias  ######  [32,]
 [ 43 ]  block_ops.4.KPConv.weights  ######  [15,32,32,]
 [ 44 ]  block_ops.4.KPConv.kernel_points  ######  [15,3,]
 [ 45 ]  block_ops.4.batch_norm_conv.batch_norm.weight  ######  [32,]
 [ 46 ]  block_ops.4.batch_norm_conv.batch_norm.bias  ######  [32,]
 [ 47 ]  block_ops.4.unary2.mlp.weight  ######  [128,32,]
 [ 48 ]  block_ops.4.unary2.batch_norm.batch_norm.weight  ######  [128,]
 [ 49 ]  block_ops.4.unary2.batch_norm.batch_norm.bias  ######  [128,]
 [ 50 ]  block_ops.5.unary1.mlp.weight  ######  [32,128,]
 [ 51 ]  block_ops.5.unary1.batch_norm.batch_norm.weight  ######  [32,]
 [ 52 ]  block_ops.5.unary1.batch_norm.batch_norm.bias  ######  [32,]
 [ 53 ]  block_ops.5.KPConv.weights  ######  [15,32,32,]
 [ 54 ]  block_ops.5.KPConv.kernel_points  ######  [15,3,]
 [ 55 ]  block_ops.5.batch_norm_conv.batch_norm.weight  ######  [32,]
 [ 56 ]  block_ops.5.batch_norm_conv.batch_norm.bias  ######  [32,]
 [ 57 ]  block_ops.5.unary2.mlp.weight  ######  [128,32,]
 [ 58 ]  block_ops.5.unary2.batch_norm.batch_norm.weight  ######  [128,]
 [ 59 ]  block_ops.5.unary2.batch_norm.batch_norm.bias  ######  [128,]
 [ 60 ]  block_ops.6.unary1.mlp.weight  ######  [64,128,]
 [ 61 ]  block_ops.6.unary1.batch_norm.batch_norm.weight  ######  [64,]
 [ 62 ]  block_ops.6.unary1.batch_norm.batch_norm.bias  ######  [64,]
 [ 63 ]  block_ops.6.KPConv.weights  ######  [15,64,64,]
 [ 64 ]  block_ops.6.KPConv.kernel_points  ######  [15,3,]
 [ 65 ]  block_ops.6.batch_norm_conv.batch_norm.weight  ######  [64,]
 [ 66 ]  block_ops.6.batch_norm_conv.batch_norm.bias  ######  [64,]
 [ 67 ]  block_ops.6.unary2.mlp.weight  ######  [256,64,]
 [ 68 ]  block_ops.6.unary2.batch_norm.batch_norm.weight  ######  [256,]
 [ 69 ]  block_ops.6.unary2.batch_norm.batch_norm.bias  ######  [256,]
 [ 70 ]  block_ops.6.unary_shortcut.mlp.weight  ######  [256,128,]
 [ 71 ]  block_ops.6.unary_shortcut.batch_norm.batch_norm.weight  ######  [256,]
 [ 72 ]  block_ops.6.unary_shortcut.batch_norm.batch_norm.bias  ######  [256,]
 [ 73 ]  block_ops.7.unary1.mlp.weight  ######  [64,256,]
 [ 74 ]  block_ops.7.unary1.batch_norm.batch_norm.weight  ######  [64,]
 [ 75 ]  block_ops.7.unary1.batch_norm.batch_norm.bias  ######  [64,]
 [ 76 ]  block_ops.7.KPConv.weights  ######  [15,64,64,]
 [ 77 ]  block_ops.7.KPConv.kernel_points  ######  [15,3,]
 [ 78 ]  block_ops.7.batch_norm_conv.batch_norm.weight  ######  [64,]
 [ 79 ]  block_ops.7.batch_norm_conv.batch_norm.bias  ######  [64,]
 [ 80 ]  block_ops.7.unary2.mlp.weight  ######  [256,64,]
 [ 81 ]  block_ops.7.unary2.batch_norm.batch_norm.weight  ######  [256,]
 [ 82 ]  block_ops.7.unary2.batch_norm.batch_norm.bias  ######  [256,]
 [ 83 ]  block_ops.8.unary1.mlp.weight  ######  [64,256,]
 [ 84 ]  block_ops.8.unary1.batch_norm.batch_norm.weight  ######  [64,]
 [ 85 ]  block_ops.8.unary1.batch_norm.batch_norm.bias  ######  [64,]
 [ 86 ]  block_ops.8.KPConv.weights  ######  [15,64,64,]
 [ 87 ]  block_ops.8.KPConv.kernel_points  ######  [15,3,]
 [ 88 ]  block_ops.8.batch_norm_conv.batch_norm.weight  ######  [64,]
 [ 89 ]  block_ops.8.batch_norm_conv.batch_norm.bias  ######  [64,]
 [ 90 ]  block_ops.8.unary2.mlp.weight  ######  [256,64,]
 [ 91 ]  block_ops.8.unary2.batch_norm.batch_norm.weight  ######  [256,]
 [ 92 ]  block_ops.8.unary2.batch_norm.batch_norm.bias  ######  [256,]
 [ 93 ]  block_ops.9.unary1.mlp.weight  ######  [128,256,]
 [ 94 ]  block_ops.9.unary1.batch_norm.batch_norm.weight  ######  [128,]
 [ 95 ]  block_ops.9.unary1.batch_norm.batch_norm.bias  ######  [128,]
 [ 96 ]  block_ops.9.KPConv.weights  ######  [15,128,128,]
 [ 97 ]  block_ops.9.KPConv.kernel_points  ######  [15,3,]
 [ 98 ]  block_ops.9.batch_norm_conv.batch_norm.weight  ######  [128,]
 [ 99 ]  block_ops.9.batch_norm_conv.batch_norm.bias  ######  [128,]
 [ 100 ]  block_ops.9.unary2.mlp.weight  ######  [512,128,]
 [ 101 ]  block_ops.9.unary2.batch_norm.batch_norm.weight  ######  [512,]
 [ 102 ]  block_ops.9.unary2.batch_norm.batch_norm.bias  ######  [512,]
 [ 103 ]  block_ops.9.unary_shortcut.mlp.weight  ######  [512,256,]
 [ 104 ]  block_ops.9.unary_shortcut.batch_norm.batch_norm.weight  ######  [512,]
 [ 105 ]  block_ops.9.unary_shortcut.batch_norm.batch_norm.bias  ######  [512,]
 [ 106 ]  block_ops.10.unary1.mlp.weight  ######  [128,512,]
 [ 107 ]  block_ops.10.unary1.batch_norm.batch_norm.weight  ######  [128,]
 [ 108 ]  block_ops.10.unary1.batch_norm.batch_norm.bias  ######  [128,]
 [ 109 ]  block_ops.10.KPConv.weights  ######  [15,128,128,]
 [ 110 ]  block_ops.10.KPConv.kernel_points  ######  [15,3,]
 [ 111 ]  block_ops.10.batch_norm_conv.batch_norm.weight  ######  [128,]
 [ 112 ]  block_ops.10.batch_norm_conv.batch_norm.bias  ######  [128,]
 [ 113 ]  block_ops.10.unary2.mlp.weight  ######  [512,128,]
 [ 114 ]  block_ops.10.unary2.batch_norm.batch_norm.weight  ######  [512,]
 [ 115 ]  block_ops.10.unary2.batch_norm.batch_norm.bias  ######  [512,]
 [ 116 ]  block_ops.11.unary1.mlp.weight  ######  [128,512,]
 [ 117 ]  block_ops.11.unary1.batch_norm.batch_norm.weight  ######  [128,]
 [ 118 ]  block_ops.11.unary1.batch_norm.batch_norm.bias  ######  [128,]
 [ 119 ]  block_ops.11.KPConv.weights  ######  [15,128,128,]
 [ 120 ]  block_ops.11.KPConv.kernel_points  ######  [15,3,]
 [ 121 ]  block_ops.11.batch_norm_conv.batch_norm.weight  ######  [128,]
 [ 122 ]  block_ops.11.batch_norm_conv.batch_norm.bias  ######  [128,]
 [ 123 ]  block_ops.11.unary2.mlp.weight  ######  [512,128,]
 [ 124 ]  block_ops.11.unary2.batch_norm.batch_norm.weight  ######  [512,]
 [ 125 ]  block_ops.11.unary2.batch_norm.batch_norm.bias  ######  [512,]
 [ 126 ]  block_ops.12.unary1.mlp.weight  ######  [256,512,]
 [ 127 ]  block_ops.12.unary1.batch_norm.batch_norm.weight  ######  [256,]
 [ 128 ]  block_ops.12.unary1.batch_norm.batch_norm.bias  ######  [256,]
 [ 129 ]  block_ops.12.KPConv.weights  ######  [15,256,256,]
 [ 130 ]  block_ops.12.KPConv.kernel_points  ######  [15,3,]
 [ 131 ]  block_ops.12.batch_norm_conv.batch_norm.weight  ######  [256,]
 [ 132 ]  block_ops.12.batch_norm_conv.batch_norm.bias  ######  [256,]
 [ 133 ]  block_ops.12.unary2.mlp.weight  ######  [1024,256,]
 [ 134 ]  block_ops.12.unary2.batch_norm.batch_norm.weight  ######  [1024,]
 [ 135 ]  block_ops.12.unary2.batch_norm.batch_norm.bias  ######  [1024,]
 [ 136 ]  block_ops.12.unary_shortcut.mlp.weight  ######  [1024,512,]
 [ 137 ]  block_ops.12.unary_shortcut.batch_norm.batch_norm.weight  ######  [1024,]
 [ 138 ]  block_ops.12.unary_shortcut.batch_norm.batch_norm.bias  ######  [1024,]
 [ 139 ]  block_ops.13.unary1.mlp.weight  ######  [256,1024,]
 [ 140 ]  block_ops.13.unary1.batch_norm.batch_norm.weight  ######  [256,]
 [ 141 ]  block_ops.13.unary1.batch_norm.batch_norm.bias  ######  [256,]
 [ 142 ]  block_ops.13.KPConv.weights  ######  [15,256,256,]
 [ 143 ]  block_ops.13.KPConv.kernel_points  ######  [15,3,]
 [ 144 ]  block_ops.13.batch_norm_conv.batch_norm.weight  ######  [256,]
 [ 145 ]  block_ops.13.batch_norm_conv.batch_norm.bias  ######  [256,]
 [ 146 ]  block_ops.13.unary2.mlp.weight  ######  [1024,256,]
 [ 147 ]  block_ops.13.unary2.batch_norm.batch_norm.weight  ######  [1024,]
 [ 148 ]  block_ops.13.unary2.batch_norm.batch_norm.bias  ######  [1024,]
 [ 149 ]  head_mlp.mlp.weight  ######  [1024,1024,]
 [ 150 ]  head_mlp.batch_norm.bias  ######  [1024,]
 [ 151 ]  head_softmax.mlp.weight  ######  [40,1024,]
 [ 152 ]  head_softmax.batch_norm.bias  ######  [40,]
